#
# There is insufficient memory for the Java Runtime Environment to continue.
# Native memory allocation (malloc) failed to allocate 1048576 bytes for AllocateHeap
# Possible reasons:
#   The system is out of physical RAM or swap space
#   The process is running with CompressedOops enabled, and the Java Heap may be blocking the growth of the native heap
# Possible solutions:
#   Reduce memory load on the system
#   Increase physical memory or swap space
#   Check if swap backing store is full
#   Decrease Java heap size (-Xmx/-Xms)
#   Decrease number of Java threads
#   Decrease Java thread stack sizes (-Xss)
#   Set larger code cache with -XX:ReservedCodeCacheSize=
#   JVM is running with Unscaled Compressed Oops mode in which the Java heap is
#     placed in the first 4GB address space. The Java Heap base address is the
#     maximum limit for the native heap growth. Please use -XX:HeapBaseMinAddress
#     to set the Java Heap base and to place the Java Heap above 4GB virtual address.
# This output file may be truncated or incomplete.
#
#  Out of Memory Error (./open/src/hotspot/share/memory/allocation.cpp:44), pid=14720, tid=16468
#
# JRE version:  (15.0.2+7) (build )
# Java VM: Java HotSpot(TM) 64-Bit Server VM (15.0.2+7-27, mixed mode, sharing, tiered, compressed oops, g1 gc, windows-amd64)
# No core dump will be written. Minidumps are not enabled by default on client versions of Windows
#

---------------  S U M M A R Y ------------

Command Line: 

Host: Intel(R) Core(TM) i7-6500U CPU @ 2.50GHz, 4 cores, 15G,  Windows 10 , 64 bit Build 19041 (10.0.19041.1503)
Time: Thu Mar  3 02:20:31 2022 Arabic Standard Time elapsed time: 0.063463 seconds (0d 0h 0m 0s)

---------------  T H R E A D  ---------------

Current thread (0x000001635a4a19c0):  JavaThread "Unknown thread" [_thread_in_vm, id=16468, stack(0x0000004e9b800000,0x0000004e9b900000)]

Stack: [0x0000004e9b800000,0x0000004e9b900000]
Native frames: (J=compiled Java code, j=interpreted, Vv=VM code, C=native code)
V  [jvm.dll+0x62ae9a]
V  [jvm.dll+0x7817a9]
V  [jvm.dll+0x782f03]
V  [jvm.dll+0x783563]
V  [jvm.dll+0x216325]
V  [jvm.dll+0x8ebb2]
V  [jvm.dll+0x2a2604]
V  [jvm.dll+0x75e20c]
V  [jvm.dll+0x3341c4]
V  [jvm.dll+0x73e926]
V  [jvm.dll+0x3b7557]
V  [jvm.dll+0x3b8fe1]
C  [jli.dll+0x52fb]
C  [ucrtbase.dll+0x21bb2]
C  [KERNEL32.DLL+0x17034]
C  [ntdll.dll+0x52651]


---------------  P R O C E S S  ---------------

Threads class SMR info:
_java_thread_list=0x00007fff196e4ff0, length=0, elements={
}

Java Threads: ( => current thread )

Other Threads:

=>0x000001635a4a19c0 (exited) JavaThread "Unknown thread" [_thread_in_vm, id=16468, stack(0x0000004e9b800000,0x0000004e9b900000)]

Threads with active compile tasks:

VM state: not at safepoint (not fully initialized)

VM Mutex/Monitor currently owned by a thread: None

Heap address: 0x0000000000000000, size: 0 MB, Compressed Oops mode: 32-bit
CDS archive(s) mapped at: [0x0000000000000000-0x0000000000000000-0x0000000000000000), size 0, SharedBaseAddress: 0x0000000800000000, ArchiveRelocationMode: 0.
Narrow klass base: 0x0000000000000000, Narrow klass shift: 0, Narrow klass range: 0x0

GC Heap History (0 events):
No events

Deoptimization events (0 events):
No events

Classes unloaded (0 events):
No events

Classes redefined (0 events):
No events

Internal exceptions (0 events):
No events

Events (1 events):
Event: 0.036 Loaded shared library C:\Program Files\Java\jdk-15.0.2\bin\java.dll


Dynamic libraries:
0x00007ff792280000 - 0x00007ff79228f000 	C:\Program Files\Java\jdk-15.0.2\bin\java.exe
0x00007fff5cf10000 - 0x00007fff5d105000 	C:\Windows\SYSTEM32\ntdll.dll
0x00007fff5cd70000 - 0x00007fff5ce2e000 	C:\Windows\System32\KERNEL32.DLL
0x00007fff5a620000 - 0x00007fff5a8e8000 	C:\Windows\System32\KERNELBASE.dll
0x00007fff5ab70000 - 0x00007fff5ac70000 	C:\Windows\System32\ucrtbase.dll
0x00007fff525d0000 - 0x00007fff525e9000 	C:\Program Files\Java\jdk-15.0.2\bin\VCRUNTIME140.dll
0x00007fff525b0000 - 0x00007fff525c8000 	C:\Program Files\Java\jdk-15.0.2\bin\jli.dll
0x00007fff5c3d0000 - 0x00007fff5c47e000 	C:\Windows\System32\ADVAPI32.dll
0x00007fff5b160000 - 0x00007fff5b1fe000 	C:\Windows\System32\msvcrt.dll
0x00007fff5ce30000 - 0x00007fff5cecc000 	C:\Windows\System32\sechost.dll
0x00007fff5cab0000 - 0x00007fff5cbd5000 	C:\Windows\System32\RPCRT4.dll
0x00007fff5c910000 - 0x00007fff5cab0000 	C:\Windows\System32\USER32.dll
0x00007fff5a8f0000 - 0x00007fff5a912000 	C:\Windows\System32\win32u.dll
0x00007fff44850000 - 0x00007fff44aea000 	C:\Windows\WinSxS\amd64_microsoft.windows.common-controls_6595b64144ccf1df_6.0.19041.1110_none_60b5254171f9507e\COMCTL32.dll
0x00007fff5af60000 - 0x00007fff5af8b000 	C:\Windows\System32\GDI32.dll
0x00007fff5aa30000 - 0x00007fff5ab3d000 	C:\Windows\System32\gdi32full.dll
0x00007fff5a990000 - 0x00007fff5aa2d000 	C:\Windows\System32\msvcp_win.dll
0x00007fff58d60000 - 0x00007fff58d6a000 	C:\Windows\SYSTEM32\VERSION.dll
0x00007fff5af90000 - 0x00007fff5afc0000 	C:\Windows\System32\IMM32.DLL
0x00007fff55e00000 - 0x00007fff55e0c000 	C:\Program Files\Java\jdk-15.0.2\bin\vcruntime140_1.dll
0x00007fff244a0000 - 0x00007fff24531000 	C:\Program Files\Java\jdk-15.0.2\bin\msvcp140.dll
0x00007fff18c20000 - 0x00007fff1977e000 	C:\Program Files\Java\jdk-15.0.2\bin\server\jvm.dll
0x00007fff5c900000 - 0x00007fff5c908000 	C:\Windows\System32\PSAPI.DLL
0x00007fff46b70000 - 0x00007fff46b97000 	C:\Windows\SYSTEM32\WINMM.dll
0x00007fff460c0000 - 0x00007fff460c9000 	C:\Windows\SYSTEM32\WSOCK32.dll
0x00007fff5b4b0000 - 0x00007fff5b51b000 	C:\Windows\System32\ws2_32.DLL
0x00007fff58e60000 - 0x00007fff58e72000 	C:\Windows\SYSTEM32\kernel.appcore.dll
0x00007fff54810000 - 0x00007fff5481a000 	C:\Program Files\Java\jdk-15.0.2\bin\jimage.dll
0x00007fff4ff30000 - 0x00007fff50114000 	C:\Windows\SYSTEM32\DBGHELP.DLL
0x00007fff4ccc0000 - 0x00007fff4ccec000 	C:\Windows\SYSTEM32\dbgcore.DLL
0x00007fff5ae20000 - 0x00007fff5aea2000 	C:\Windows\System32\bcryptPrimitives.dll
0x00007fff3f2e0000 - 0x00007fff3f305000 	C:\Program Files\Java\jdk-15.0.2\bin\java.dll

dbghelp: loaded successfully - version: 4.0.5 - missing functions: none
symbol engine: initialized successfully - sym options: 0x614 - pdb path: .;C:\Program Files\Java\jdk-15.0.2\bin;C:\Windows\SYSTEM32;C:\Windows\WinSxS\amd64_microsoft.windows.common-controls_6595b64144ccf1df_6.0.19041.1110_none_60b5254171f9507e;C:\Program Files\Java\jdk-15.0.2\bin\server

VM Arguments:
java_command: <unknown>
java_class_path (initial): <not set>
Launcher Type: SUN_STANDARD

[Global flags]
     intx CICompilerCount                          = 3                                         {product} {ergonomic}
     uint ConcGCThreads                            = 1                                         {product} {ergonomic}
     uint G1ConcRefinementThreads                  = 4                                         {product} {ergonomic}
   size_t G1HeapRegionSize                         = 2097152                                   {product} {ergonomic}
    uintx GCDrainStackTargetSize                   = 64                                        {product} {ergonomic}
   size_t InitialHeapSize                          = 264241152                                 {product} {ergonomic}
   size_t MarkStackSize                            = 4194304                                   {product} {ergonomic}
   size_t MaxHeapSize                              = 4217372672                                {product} {ergonomic}
   size_t MinHeapDeltaBytes                        = 2097152                                   {product} {ergonomic}
   size_t MinHeapSize                              = 8388608                                   {product} {ergonomic}
    uintx NonNMethodCodeHeapSize                   = 5832780                                {pd product} {ergonomic}
    uintx NonProfiledCodeHeapSize                  = 122912730                              {pd product} {ergonomic}
    uintx ProfiledCodeHeapSize                     = 122912730                              {pd product} {ergonomic}
    uintx ReservedCodeCacheSize                    = 251658240                              {pd product} {ergonomic}
     bool SegmentedCodeCache                       = true                                      {product} {ergonomic}
   size_t SoftMaxHeapSize                          = 4217372672                             {manageable} {ergonomic}
     bool UseCompressedClassPointers               = true                                 {lp64_product} {ergonomic}
     bool UseCompressedOops                        = true                                 {lp64_product} {ergonomic}
     bool UseG1GC                                  = true                                      {product} {ergonomic}
     bool UseLargePagesIndividualAllocation        = false                                  {pd product} {ergonomic}

Logging:
Log output configuration:
 #0: stdout all=warning uptime,level,tags
 #1: stderr all=off uptime,level,tags

Environment Variables:
PATH=C:\Program Files\Common Files\Oracle\Java\javapath;C:\Windows\system32;C:\Windows;C:\Windows\System32\Wbem;C:\Windows\System32\WindowsPowerShell\v1.0\;C:\Windows\System32\OpenSSH\;C:\Windows\System32;C:\Users\ali\AppData\Local\Android\Sdk\platforms;C:\Users\ali\AppData\Local\Android\Sdk\platform-tools;C:\Users\ali\AppData\Local\Android\Sdk\tools;C:\Program Files (x86)\Microsoft Emulator Manager\1.0\;C:\Program Files\MATLAB\R2012a\runtime\win64;C:\Program Files\MATLAB\R2012a\bin;C:\Program Files\MATLAB\R2011a\runtime\win64;C:\Program Files\MATLAB\R2011a\bin;C:\Users\ali\anaconda3;C:\Users\ali\anaconda3\Library\mingw-w64\bin;C:\Users\ali\anaconda3\Library\usr\bin;C:\Users\ali\anaconda3\Library\bin;C:\Users\ali\anaconda3\Scripts;C:\Users\ali\AppData\Local\Microsoft\WindowsApps;C:\Users\ali\AppData\Local\Programs\Microsoft VS Code\bin;C:\Users\ali\Documents\flutter\bin;C:\Program Files\Java\jdk-15.0.2\bin;C:\Windows\System32;C:\Users\ali\AppData\Local\Android\Sdk\tools;C:\Users\ali\AppData\Local\Android\Sdk\platform-tools;C:\Users\ali\Documents\flutter\bin\mingit\cmd
USERNAME=ali
OS=Windows_NT
PROCESSOR_IDENTIFIER=Intel64 Family 6 Model 78 Stepping 3, GenuineIntel



---------------  S Y S T E M  ---------------

OS:
 Windows 10 , 64 bit Build 19041 (10.0.19041.1503)
OS uptime: 5 days 7:52 hours
HyperV virtualization detected

CPU: total 4 (initial active 4) (2 cores per cpu, 2 threads per core) family 6 model 78 stepping 3 microcode 0xcc, cmov, cx8, fxsr, mmx, sse, sse2, sse3, ssse3, sse4.1, sse4.2, popcnt, vzeroupper, avx, avx2, aes, clmul, erms, 3dnowpref, lzcnt, ht, tsc, tscinvbit, bmi1, bmi2, adx, fma, clflush, clflushopt

Memory: 4k page, system-wide physical 16083M (4004M free)
TotalPageFile size 30322M (AvailPageFile size 4M)
current process WorkingSet (physical memory assigned to process): 9M, peak: 9M
current process commit charge ("private bytes"): 14M, peak: 15M

vm_info: Java HotSpot(TM) 64-Bit Server VM (15.0.2+7-27) for windows-amd64 JRE (15.0.2+7-27), built on Dec  7 2020 20:07:01 by "mach5one" with unknown MS VC++:1925

END.
